2016/08/30 10:20:25 [emerg] 3352#5024: host not found in upstream "cdn.www.master.eyebuy.direct" in D:\env\nginx-1.7.9/conf/conf.d/ebdcdn.com.conf:50
2016/08/30 10:33:34 [notice] 556#3668: signal process started
2016/08/30 10:37:06 [notice] 5748#716: signal process started
2016/08/30 10:43:44 [notice] 4808#5260: signal process started
2016/08/30 10:44:05 [notice] 5748#256: signal process started
2016/08/30 10:49:36 [notice] 4308#3668: signal process started
2016/08/30 10:49:36 [error] 4308#3668: OpenEvent("Global\ngx_stop_6128") failed (2: The system cannot find the file specified)
2016/08/30 10:52:17 [notice] 1588#2096: signal process started
2016/08/30 10:53:17 [notice] 4380#4396: signal process started
2016/08/30 10:53:50 [notice] 1428#5848: signal process started
2016/08/30 11:09:39 [notice] 2204#556: signal process started
2016/08/30 11:14:57 [notice] 4136#4668: signal process started
2016/08/30 11:15:08 [notice] 4740#4564: signal process started
2016/08/30 11:16:16 [notice] 2792#4348: signal process started
2016/08/30 11:16:55 [notice] 3132#6112: signal process started
2016/08/30 11:18:08 [notice] 6116#4396: signal process started
2016/08/30 11:19:17 [notice] 2900#4172: signal process started
2016/08/30 11:25:58 [notice] 4216#4212: signal process started
2016/08/30 11:25:58 [error] 4216#4212: OpenEvent("Global\ngx_stop_812") failed (2: The system cannot find the file specified)
2016/08/30 11:32:53 [notice] 4236#4332: signal process started
2016/08/30 11:32:53 [error] 4236#4332: OpenEvent("Global\ngx_stop_3908") failed (2: The system cannot find the file specified)
2016/08/30 11:35:01 [notice] 2496#4516: signal process started
2016/08/30 11:52:38 [notice] 3736#1592: signal process started
2016/08/30 11:52:54 [notice] 792#3144: signal process started
2016/08/30 11:58:08 [notice] 4116#4112: signal process started
2016/08/30 11:58:08 [error] 4116#4112: OpenEvent("Global\ngx_stop_4208") failed (2: The system cannot find the file specified)
2016/08/30 12:01:17 [notice] 3712#3696: signal process started
2016/08/30 12:02:12 [notice] 5176#5180: signal process started
2016/08/30 12:08:40 [notice] 5604#5608: signal process started
2016/08/30 12:09:55 [notice] 4888#5836: signal process started
2016/08/30 12:14:41 [notice] 2792#2192: signal process started
2016/08/30 12:18:28 [notice] 5660#5932: signal process started
2016/08/30 12:19:10 [notice] 3608#812: signal process started
2016/08/30 12:19:40 [notice] 4248#5248: signal process started
2016/08/30 12:19:40 [error] 4248#5248: OpenEvent("Global\ngx_stop_6068") failed (2: The system cannot find the file specified)
2016/08/30 12:26:17 [notice] 2340#5032: signal process started
2016/08/30 12:28:58 [notice] 1512#940: signal process started
2016/08/30 12:30:14 [notice] 6056#4416: signal process started
2016/08/30 13:42:34 [notice] 6696#6700: signal process started
2016/08/30 14:23:21 [notice] 4828#4092: signal process started
2016/08/30 14:23:50 [notice] 7104#4764: signal process started
2016/08/31 09:26:55 [notice] 5892#3976: signal process started
2016/08/31 09:26:55 [error] 5892#3976: OpenEvent("Global\ngx_stop_6748") failed (2: The system cannot find the file specified)
2016/09/01 09:36:50 [notice] 4196#4960: signal process started
2016/09/01 09:36:50 [error] 4196#4960: OpenEvent("Global\ngx_stop_3208") failed (2: The system cannot find the file specified)
2016/09/02 09:46:23 [notice] 5892#5996: signal process started
2016/09/02 09:46:23 [error] 5892#5996: OpenEvent("Global\ngx_stop_5600") failed (2: The system cannot find the file specified)
2016/09/05 09:12:40 [notice] 5412#1812: signal process started
2016/09/05 09:12:40 [error] 5412#1812: OpenEvent("Global\ngx_stop_4512") failed (2: The system cannot find the file specified)
2016/09/05 16:09:13 [notice] 756#5880: signal process started
2016/09/05 16:09:13 [error] 756#5880: OpenEvent("Global\ngx_stop_5640") failed (2: The system cannot find the file specified)
2016/09/06 09:08:05 [notice] 3508#4752: signal process started
2016/09/06 09:08:05 [error] 3508#4752: OpenEvent("Global\ngx_stop_5988") failed (2: The system cannot find the file specified)
2016/09/07 09:18:00 [notice] 4236#4764: signal process started
2016/09/07 09:18:00 [error] 4236#4764: OpenEvent("Global\ngx_stop_5032") failed (2: The system cannot find the file specified)
2016/09/08 09:00:56 [notice] 2828#3452: signal process started
2016/09/08 09:00:56 [error] 2828#3452: OpenEvent("Global\ngx_stop_1588") failed (2: The system cannot find the file specified)
2016/09/08 10:09:36 [notice] 5012#5860: signal process started
2016/09/09 09:21:25 [notice] 2292#3992: signal process started
2016/09/09 09:21:25 [error] 2292#3992: OpenEvent("Global\ngx_stop_5316") failed (2: The system cannot find the file specified)
2016/09/12 09:03:38 [notice] 5884#5888: signal process started
2016/09/12 09:03:38 [error] 5884#5888: OpenEvent("Global\ngx_stop_3648") failed (2: The system cannot find the file specified)
2016/09/13 09:00:14 [notice] 4664#1184: signal process started
2016/09/13 09:00:14 [error] 4664#1184: OpenEvent("Global\ngx_stop_6080") failed (2: The system cannot find the file specified)
2016/09/14 09:37:36 [notice] 3368#2616: signal process started
2016/09/14 09:37:36 [error] 3368#2616: OpenEvent("Global\ngx_stop_1528") failed (2: The system cannot find the file specified)
2016/09/19 09:07:25 [notice] 4528#1116: signal process started
2016/09/19 09:07:25 [error] 4528#1116: OpenEvent("Global\ngx_stop_5868") failed (2: The system cannot find the file specified)
2016/09/19 09:47:07 [notice] 6428#8000: signal process started
2016/09/19 09:47:07 [error] 6428#8000: OpenEvent("Global\ngx_stop_5868") failed (2: The system cannot find the file specified)
2016/09/19 18:38:30 [notice] 4944#4956: signal process started
2016/09/19 18:38:30 [error] 4944#4956: OpenEvent("Global\ngx_stop_5620") failed (2: The system cannot find the file specified)
2016/09/19 18:43:48 [notice] 5412#5416: signal process started
2016/09/20 09:28:26 [notice] 1868#5012: signal process started
2016/09/20 09:28:26 [error] 1868#5012: OpenEvent("Global\ngx_stop_5600") failed (2: The system cannot find the file specified)
2016/09/20 16:54:43 [notice] 5948#7912: signal process started
2016/09/21 09:19:11 [notice] 4616#4056: signal process started
2016/09/21 09:19:11 [error] 4616#4056: OpenEvent("Global\ngx_stop_7852") failed (2: The system cannot find the file specified)
2016/09/21 12:01:57 [notice] 7464#7332: signal process started
2016/09/23 09:05:13 [notice] 5940#5948: signal process started
2016/09/23 09:05:13 [error] 5940#5948: OpenEvent("Global\ngx_stop_7604") failed (2: The system cannot find the file specified)
2016/09/26 09:07:19 [notice] 4972#4976: signal process started
2016/09/26 09:07:19 [error] 4972#4976: OpenEvent("Global\ngx_stop_3872") failed (2: The system cannot find the file specified)
2016/09/27 09:20:29 [notice] 4480#4428: signal process started
2016/09/27 09:20:29 [error] 4480#4428: OpenEvent("Global\ngx_stop_4704") failed (2: The system cannot find the file specified)
2016/09/28 08:47:27 [notice] 4324#4328: signal process started
2016/09/28 08:47:27 [error] 4324#4328: OpenEvent("Global\ngx_stop_4684") failed (2: The system cannot find the file specified)
2016/09/28 16:25:00 [notice] 7352#5192: signal process started
2016/09/29 08:57:20 [notice] 4960#1272: signal process started
2016/09/29 08:57:20 [error] 4960#1272: OpenEvent("Global\ngx_stop_7028") failed (2: The system cannot find the file specified)
2016/09/30 09:27:07 [notice] 1612#6136: signal process started
2016/09/30 09:27:07 [error] 1612#6136: OpenEvent("Global\ngx_stop_3360") failed (2: The system cannot find the file specified)
2016/10/10 09:19:46 [notice] 1284#4192: signal process started
2016/10/10 09:19:46 [error] 1284#4192: OpenEvent("Global\ngx_stop_4664") failed (2: The system cannot find the file specified)
2016/10/11 09:09:00 [notice] 5316#5320: signal process started
2016/10/11 09:09:00 [error] 5316#5320: OpenEvent("Global\ngx_stop_5792") failed (2: The system cannot find the file specified)
2016/10/12 09:31:12 [notice] 4912#4916: signal process started
2016/10/12 09:31:12 [error] 4912#4916: OpenEvent("Global\ngx_stop_5552") failed (2: The system cannot find the file specified)
2016/10/13 09:19:11 [notice] 6108#6112: signal process started
2016/10/13 09:19:11 [error] 6108#6112: OpenEvent("Global\ngx_stop_5620") failed (2: The system cannot find the file specified)
2016/10/14 09:22:23 [notice] 4436#4440: signal process started
2016/10/14 09:22:23 [error] 4436#4440: OpenEvent("Global\ngx_stop_6108") failed (2: The system cannot find the file specified)
2016/10/14 11:05:12 [notice] 2756#1404: signal process started
2016/10/14 12:24:44 [notice] 3768#7784: signal process started
2016/10/17 09:24:43 [emerg] 828#5520: host not found in upstream "ebdcdn.com" in D:\env\nginx-1.7.9/conf/conf.d/ebdcdn.com.conf:44
2016/10/17 09:25:03 [emerg] 308#3872: host not found in upstream "ebdcdn.com" in D:\env\nginx-1.7.9/conf/conf.d/ebdcdn.com.conf:44
2016/10/17 09:27:45 [notice] 2060#1604: signal process started
2016/10/17 09:27:45 [error] 2060#1604: OpenEvent("Global\ngx_stop_1084") failed (2: The system cannot find the file specified)
2016/10/17 09:31:09 [notice] 2192#4692: signal process started
2016/10/17 09:49:43 [notice] 4488#4720: signal process started
2016/10/17 09:55:42 [notice] 5988#5336: signal process started
2016/10/17 10:03:08 [notice] 1360#5772: signal process started
2016/10/17 10:03:31 [notice] 3524#5096: signal process started
2016/10/17 10:03:31 [error] 3524#5096: OpenEvent("Global\ngx_stop_5144") failed (2: The system cannot find the file specified)
2016/10/18 09:14:55 [notice] 244#248: signal process started
2016/10/18 09:14:55 [error] 244#248: OpenEvent("Global\ngx_stop_4392") failed (2: The system cannot find the file specified)
2016/10/19 09:07:15 [notice] 4844#4812: signal process started
2016/10/19 09:07:15 [error] 4844#4812: OpenEvent("Global\ngx_stop_4824") failed (2: The system cannot find the file specified)
2016/10/19 10:25:13 [notice] 5688#5904: signal process started
2016/10/19 10:26:37 [notice] 5892#6740: signal process started
2016/10/19 10:28:32 [notice] 5940#2136: signal process started
2016/10/19 10:28:55 [notice] 476#5160: signal process started
2016/10/19 10:28:55 [error] 476#5160: OpenEvent("Global\ngx_stop_2640") failed (2: The system cannot find the file specified)
2016/10/20 09:06:52 [notice] 2284#884: signal process started
2016/10/20 09:06:52 [error] 2284#884: OpenEvent("Global\ngx_stop_5732") failed (2: The system cannot find the file specified)
2016/10/21 09:28:51 [notice] 5772#5760: signal process started
2016/10/21 09:28:51 [error] 5772#5760: OpenEvent("Global\ngx_stop_1440") failed (2: The system cannot find the file specified)
2016/10/24 09:19:20 [notice] 5608#4908: signal process started
2016/10/24 09:19:20 [error] 5608#4908: OpenEvent("Global\ngx_stop_5344") failed (2: The system cannot find the file specified)
2016/10/25 09:10:39 [notice] 5292#5296: signal process started
2016/10/25 09:10:39 [error] 5292#5296: OpenEvent("Global\ngx_stop_5892") failed (2: The system cannot find the file specified)
2016/10/25 17:36:28 [notice] 6360#4704: signal process started
2016/10/25 18:01:16 [notice] 7096#6332: signal process started
2016/10/25 18:11:55 [notice] 6572#6488: signal process started
2016/10/25 18:14:55 [notice] 6448#7024: signal process started
2016/10/25 18:15:02 [notice] 4176#5516: signal process started
2016/10/25 18:15:02 [error] 4176#5516: OpenEvent("Global\ngx_stop_2540") failed (2: The system cannot find the file specified)
2016/10/26 09:19:28 [notice] 3880#4984: signal process started
2016/10/26 09:19:28 [error] 3880#4984: OpenEvent("Global\ngx_stop_3948") failed (2: The system cannot find the file specified)
2016/10/26 10:01:54 [notice] 4856#4860: signal process started
2016/10/26 10:01:54 [error] 4856#4860: OpenEvent("Global\ngx_stop_800") failed (2: The system cannot find the file specified)
2016/10/26 11:26:45 [notice] 1476#5880: signal process started
2016/10/26 11:27:05 [notice] 4028#4660: signal process started
2016/10/26 11:27:05 [error] 4028#4660: OpenEvent("Global\ngx_stop_3868") failed (2: The system cannot find the file specified)
2016/10/26 11:28:17 [notice] 3868#5952: signal process started
2016/10/26 11:28:26 [notice] 1516#5280: signal process started
2016/10/26 11:28:26 [error] 1516#5280: OpenEvent("Global\ngx_stop_5320") failed (2: The system cannot find the file specified)
2016/10/26 11:41:52 [notice] 5788#2192: signal process started
2016/10/26 11:41:54 [notice] 4988#6124: signal process started
2016/10/26 11:41:54 [error] 4988#6124: OpenEvent("Global\ngx_stop_4752") failed (2: The system cannot find the file specified)
2016/10/26 11:43:35 [notice] 5500#5812: signal process started
2016/10/26 12:27:21 [notice] 4232#6532: signal process started
2016/10/26 14:24:06 [notice] 1280#6156: signal process started
2016/10/26 14:24:09 [notice] 2440#6784: signal process started
2016/10/26 14:24:09 [error] 2440#6784: CreateFile() "D:\env\nginx-1.7.9/logs/nginx.pid" failed (2: The system cannot find the file specified)
2016/10/26 14:24:37 [notice] 3376#5024: signal process started
2016/10/26 14:30:17 [notice] 800#6772: signal process started
2016/10/26 14:30:51 [notice] 7136#5020: signal process started
2016/10/26 14:30:51 [error] 7136#5020: OpenEvent("Global\ngx_stop_6812") failed (2: The system cannot find the file specified)
2016/10/26 14:34:30 [notice] 6100#6772: signal process started
2016/10/26 14:48:55 [notice] 6900#6528: signal process started
2016/10/26 14:58:43 [notice] 3656#6440: signal process started
2016/10/26 14:58:46 [notice] 6200#6832: signal process started
2016/10/26 14:58:46 [error] 6200#6832: OpenEvent("Global\ngx_stop_6712") failed (2: The system cannot find the file specified)
2016/10/26 15:08:53 [notice] 1556#6616: signal process started
2016/10/26 15:08:55 [notice] 5404#6908: signal process started
2016/10/26 15:08:55 [error] 5404#6908: CreateFile() "D:\env\nginx-1.7.9/logs/nginx.pid" failed (2: The system cannot find the file specified)
2016/10/26 15:11:01 [notice] 4784#1952: signal process started
2016/10/26 15:11:25 [notice] 4388#6324: signal process started
2016/10/26 15:11:25 [error] 4388#6324: OpenEvent("Global\ngx_stop_6116") failed (2: The system cannot find the file specified)
2016/10/26 16:18:11 [notice] 7164#1952: signal process started
2016/10/26 16:18:14 [notice] 6904#5848: signal process started
2016/10/26 16:18:16 [notice] 5564#4364: signal process started
2016/10/26 16:18:16 [error] 5564#4364: OpenEvent("Global\ngx_stop_2740") failed (2: The system cannot find the file specified)
2016/10/26 18:34:47 [notice] 6596#6640: signal process started
2016/10/26 18:39:30 [notice] 6820#4044: signal process started
2016/10/26 18:48:15 [notice] 5028#5876: signal process started
2016/10/27 09:12:33 [notice] 4456#3408: signal process started
2016/10/27 09:12:33 [error] 4456#3408: OpenEvent("Global\ngx_stop_3592") failed (2: The system cannot find the file specified)
2016/10/28 09:19:03 [emerg] 3972#576: host not found in upstream "ebdcdn.com" in D:\env\nginx-1.7.9/conf/conf.d/ebdcdn.com.conf:44
2016/10/28 09:32:57 [notice] 5928#4412: signal process started
2016/10/28 09:32:57 [error] 5928#4412: OpenEvent("Global\ngx_stop_4240") failed (2: The system cannot find the file specified)
2016/10/28 11:24:52 [emerg] 4388#4392: host not found in upstream "ebdcdn.com" in D:\env\nginx-1.7.9/conf/conf.d/ebdcdn.com.conf:44
2016/10/28 11:25:08 [emerg] 5016#5024: host not found in upstream "ebdcdn.com" in D:\env\nginx-1.7.9/conf/conf.d/ebdcdn.com.conf:44
2016/10/28 11:26:41 [notice] 1012#5100: signal process started
2016/10/28 11:26:41 [error] 1012#5100: OpenEvent("Global\ngx_stop_5852") failed (2: The system cannot find the file specified)
2016/10/31 09:27:38 [notice] 6128#6132: signal process started
2016/10/31 09:27:38 [error] 6128#6132: OpenEvent("Global\ngx_stop_4680") failed (2: The system cannot find the file specified)
2016/11/01 09:24:44 [notice] 5148#1204: signal process started
2016/11/01 09:24:44 [error] 5148#1204: OpenEvent("Global\ngx_stop_3288") failed (2: The system cannot find the file specified)
2016/11/01 17:09:06 [notice] 2192#5792: signal process started
2016/11/03 09:19:53 [notice] 3512#3924: signal process started
2016/11/03 09:19:53 [error] 3512#3924: OpenEvent("Global\ngx_stop_936") failed (2: The system cannot find the file specified)
2016/11/03 18:26:33 [notice] 6868#4520: signal process started
2016/11/04 09:14:22 [notice] 7660#7664: signal process started
2016/11/04 09:14:22 [error] 7660#7664: OpenEvent("Global\ngx_stop_5564") failed (2: The system cannot find the file specified)
2016/11/07 09:21:22 [notice] 3040#4260: signal process started
2016/11/07 09:21:22 [error] 3040#4260: OpenEvent("Global\ngx_stop_7848") failed (2: The system cannot find the file specified)
2016/11/07 14:37:06 [notice] 6816#4888: signal process started
2016/11/07 14:37:06 [error] 6816#4888: OpenEvent("Global\ngx_stop_3172") failed (2: The system cannot find the file specified)
2016/11/08 09:23:50 [notice] 1104#4824: signal process started
2016/11/08 09:23:50 [error] 1104#4824: OpenEvent("Global\ngx_stop_6740") failed (2: The system cannot find the file specified)
2016/11/09 09:28:11 [notice] 4848#3700: signal process started
2016/11/09 09:28:11 [error] 4848#3700: OpenEvent("Global\ngx_stop_5676") failed (2: The system cannot find the file specified)
2016/11/10 09:18:22 [notice] 4352#5784: signal process started
2016/11/10 09:18:22 [error] 4352#5784: OpenEvent("Global\ngx_stop_3572") failed (2: The system cannot find the file specified)
2016/11/10 09:19:23 [notice] 4436#3864: signal process started
2016/11/11 09:11:18 [emerg] 1424#1548: host not found in upstream "cdn.www.master.eyebuy.direct" in D:\env\nginx-1.7.9/conf/conf.d/ebdcdn.com.conf:50
2016/11/14 09:20:52 [notice] 4500#4736: signal process started
2016/11/14 09:20:52 [error] 4500#4736: OpenEvent("Global\ngx_stop_6496") failed (2: The system cannot find the file specified)
2016/11/14 09:23:58 [notice] 5064#4320: signal process started
2016/11/15 09:03:27 [notice] 5960#5964: signal process started
2016/11/15 09:03:27 [error] 5960#5964: OpenEvent("Global\ngx_stop_6972") failed (2: The system cannot find the file specified)
2016/11/16 09:24:34 [notice] 3716#4880: signal process started
2016/11/16 09:24:34 [error] 3716#4880: OpenEvent("Global\ngx_stop_4984") failed (2: The system cannot find the file specified)
2016/11/16 09:26:03 [notice] 6280#6284: signal process started
2016/11/17 09:25:35 [notice] 5460#1320: signal process started
2016/11/17 09:25:35 [error] 5460#1320: OpenEvent("Global\ngx_stop_6588") failed (2: The system cannot find the file specified)
2016/11/17 15:32:03 [notice] 1040#6740: signal process started
2016/11/18 09:22:39 [notice] 6020#5952: signal process started
2016/11/18 09:22:39 [error] 6020#5952: OpenEvent("Global\ngx_stop_6436") failed (2: The system cannot find the file specified)
2016/11/18 16:24:20 [notice] 7544#7676: signal process started
2016/11/18 16:31:21 [notice] 1952#7424: signal process started
2016/11/18 17:00:42 [notice] 3284#7832: signal process started
2016/11/21 10:00:40 [notice] 4256#5896: signal process started
2016/11/21 10:00:40 [error] 4256#5896: OpenEvent("Global\ngx_stop_3880") failed (2: The system cannot find the file specified)
2016/11/22 09:16:33 [notice] 3288#3304: signal process started
2016/11/22 09:16:33 [error] 3288#3304: OpenEvent("Global\ngx_stop_6184") failed (2: The system cannot find the file specified)
2016/11/23 09:34:03 [notice] 6864#6868: signal process started
2016/11/23 09:34:03 [error] 6864#6868: OpenEvent("Global\ngx_stop_5696") failed (2: The system cannot find the file specified)
2016/11/24 09:24:15 [notice] 3768#3772: signal process started
2016/11/24 09:24:15 [error] 3768#3772: OpenEvent("Global\ngx_stop_7004") failed (2: The system cannot find the file specified)
2016/11/25 09:22:56 [notice] 4144#5900: signal process started
2016/11/25 09:22:56 [error] 4144#5900: OpenEvent("Global\ngx_stop_4376") failed (2: The system cannot find the file specified)
2016/11/28 08:59:11 [emerg] 3584#5252: host not found in upstream "ebdcdn.com" in D:\env\nginx-1.7.9/conf/conf.d/ebdcdn.com.conf:44
2016/11/28 09:00:49 [notice] 4828#5236: signal process started
2016/11/28 16:52:20 [notice] 7664#5412: signal process started
2016/11/29 09:15:10 [notice] 5608#5612: signal process started
2016/11/29 09:15:10 [error] 5608#5612: OpenEvent("Global\ngx_stop_7280") failed (2: The system cannot find the file specified)
2016/11/29 09:35:19 [notice] 4576#1384: signal process started
2016/11/29 17:45:03 [notice] 5844#1072: signal process started
2016/11/30 09:12:58 [notice] 7480#7484: signal process started
2016/11/30 09:12:58 [error] 7480#7484: OpenEvent("Global\ngx_stop_1668") failed (2: The system cannot find the file specified)
2016/11/30 17:26:12 [notice] 6068#4896: signal process started
2016/11/30 17:27:19 [notice] 7552#2564: signal process started
2016/12/01 09:16:58 [notice] 3888#2084: signal process started
2016/12/01 09:16:58 [error] 3888#2084: OpenEvent("Global\ngx_stop_7280") failed (2: The system cannot find the file specified)
2016/12/01 16:00:54 [notice] 7920#5544: signal process started
2016/12/01 16:06:01 [notice] 4732#6900: signal process started
2016/12/01 16:08:17 [notice] 4872#5800: signal process started
2016/12/02 09:16:17 [notice] 4916#4636: signal process started
2016/12/02 09:16:17 [error] 4916#4636: OpenEvent("Global\ngx_stop_6420") failed (2: The system cannot find the file specified)
2016/12/02 19:58:22 [notice] 4024#4028: signal process started
2016/12/02 19:58:22 [error] 4024#4028: OpenEvent("Global\ngx_stop_4652") failed (2: The system cannot find the file specified)
2016/12/02 19:59:37 [notice] 3644#5556: signal process started
2016/12/05 09:20:14 [notice] 6024#6164: signal process started
2016/12/05 09:20:14 [error] 6024#6164: OpenEvent("Global\ngx_stop_5608") failed (2: The system cannot find the file specified)
2016/12/05 15:08:36 [notice] 3920#3304: signal process started
2016/12/05 15:08:36 [error] 3920#3304: OpenEvent("Global\ngx_stop_5084") failed (2: The system cannot find the file specified)
2016/12/05 17:16:19 [notice] 6076#6224: signal process started
2016/12/05 19:11:54 [notice] 6336#6560: signal process started
2016/12/07 09:15:48 [notice] 6452#6464: signal process started
2016/12/07 09:15:48 [error] 6452#6464: OpenEvent("Global\ngx_stop_5924") failed (2: The system cannot find the file specified)
2016/12/07 15:56:11 [notice] 7328#6500: signal process started
2016/12/07 16:00:07 [notice] 7368#2768: signal process started
2016/12/07 16:06:19 [emerg] 4772#4776: host not found in upstream "cdn.www.master.eyebuy.direct" in D:\env\nginx-1.7.9/conf/conf.d/ebdcdn.com.conf:50
2016/12/07 16:06:33 [emerg] 4736#4488: host not found in upstream "cdn.www.master.eyebuy.direct" in D:\env\nginx-1.7.9/conf/conf.d/ebdcdn.com.conf:50
2016/12/07 16:08:01 [emerg] 5568#5592: host not found in upstream "cdn.www.master.eyebuy.direct" in D:\env\nginx-1.7.9/conf/conf.d/ebdcdn.com.conf:50
2016/12/07 16:08:14 [emerg] 3812#4632: host not found in upstream "cdn.www.master.eyebuy.direct" in D:\env\nginx-1.7.9/conf/conf.d/ebdcdn.com.conf:50
2016/12/07 16:09:10 [notice] 2304#5184: signal process started
2016/12/07 16:09:10 [error] 2304#5184: OpenEvent("Global\ngx_stop_6880") failed (2: The system cannot find the file specified)
2016/12/07 16:09:16 [notice] 2304#4824: signal process started
2016/12/07 16:09:16 [error] 2304#4824: OpenEvent("Global\ngx_stop_6880") failed (2: The system cannot find the file specified)
2016/12/07 16:45:25 [notice] 6068#5476: signal process started
2016/12/07 16:49:20 [notice] 4748#6096: signal process started
2016/12/07 16:49:39 [notice] 5404#5988: signal process started
2016/12/07 16:50:11 [notice] 3220#5960: signal process started
2016/12/08 09:01:07 [notice] 5568#5572: signal process started
2016/12/08 09:01:07 [error] 5568#5572: OpenEvent("Global\ngx_stop_1384") failed (2: The system cannot find the file specified)
2016/12/08 16:36:48 [notice] 5152#5156: signal process started
2016/12/08 16:36:48 [error] 5152#5156: OpenEvent("Global\ngx_stop_5848") failed (2: The system cannot find the file specified)
2016/12/09 09:02:30 [notice] 5760#5764: signal process started
2016/12/09 09:02:30 [error] 5760#5764: OpenEvent("Global\ngx_stop_5620") failed (2: The system cannot find the file specified)
2016/12/09 14:21:09 [notice] 4640#4644: signal process started
2016/12/09 14:21:09 [error] 4640#4644: OpenEvent("Global\ngx_stop_5904") failed (2: The system cannot find the file specified)
2016/12/09 14:22:30 [notice] 3220#2196: signal process started
2016/12/12 09:17:23 [notice] 2512#3484: signal process started
2016/12/12 09:17:23 [error] 2512#3484: OpenEvent("Global\ngx_stop_6092") failed (2: The system cannot find the file specified)
2016/12/12 15:27:42 [notice] 212#6340: signal process started
2016/12/12 15:29:53 [notice] 3224#4648: signal process started
2016/12/12 15:29:56 [notice] 6500#6944: signal process started
2016/12/12 15:32:49 [notice] 5328#5848: signal process started
2016/12/12 15:32:49 [error] 5328#5848: OpenEvent("Global\ngx_stop_7020") failed (2: The system cannot find the file specified)
2016/12/13 09:45:14 [notice] 3432#4548: signal process started
2016/12/13 09:45:14 [error] 3432#4548: OpenEvent("Global\ngx_stop_5936") failed (2: The system cannot find the file specified)
2016/12/14 09:01:20 [notice] 6504#6508: signal process started
2016/12/14 09:01:20 [error] 6504#6508: OpenEvent("Global\ngx_stop_5236") failed (2: The system cannot find the file specified)
2016/12/15 09:20:09 [notice] 816#4492: signal process started
2016/12/15 09:20:09 [error] 816#4492: OpenEvent("Global\ngx_stop_6720") failed (2: The system cannot find the file specified)
2016/12/19 09:22:51 [notice] 5312#5316: signal process started
2016/12/19 09:22:51 [error] 5312#5316: OpenEvent("Global\ngx_stop_4596") failed (2: The system cannot find the file specified)
2016/12/20 09:08:30 [notice] 3888#1356: signal process started
2016/12/20 09:08:30 [error] 3888#1356: OpenEvent("Global\ngx_stop_5496") failed (2: The system cannot find the file specified)
2016/12/20 17:04:05 [notice] 4652#3752: signal process started
2016/12/21 09:14:43 [notice] 3096#3212: signal process started
2016/12/21 09:14:43 [error] 3096#3212: OpenEvent("Global\ngx_stop_8168") failed (2: The system cannot find the file specified)
2016/12/21 12:02:59 [notice] 6844#5708: signal process started
2016/12/21 12:30:10 [notice] 6612#5584: signal process started
2016/12/21 12:30:10 [error] 6612#5584: CreateFile() "D:\env\nginx-1.7.9/logs/nginx.pid" failed (2: The system cannot find the file specified)
2016/12/21 12:30:15 [notice] 6080#5976: signal process started
2016/12/21 12:30:15 [error] 6080#5976: CreateFile() "D:\env\nginx-1.7.9/logs/nginx.pid" failed (2: The system cannot find the file specified)
2016/12/21 12:30:52 [notice] 5600#7116: signal process started
2016/12/21 12:30:52 [error] 5600#7116: CreateFile() "D:\env\nginx-1.7.9/logs/nginx.pid" failed (2: The system cannot find the file specified)
2016/12/21 14:14:44 [notice] 3880#2688: signal process started
2016/12/21 14:14:44 [error] 3880#2688: CreateFile() "D:\env\nginx-1.7.9/logs/nginx.pid" failed (2: The system cannot find the file specified)
2016/12/22 09:20:09 [notice] 124#5484: signal process started
2016/12/22 09:20:09 [error] 124#5484: OpenEvent("Global\ngx_stop_7764") failed (2: The system cannot find the file specified)
2016/12/23 09:12:10 [notice] 5396#5400: signal process started
2016/12/23 09:12:10 [error] 5396#5400: OpenEvent("Global\ngx_stop_2660") failed (2: The system cannot find the file specified)
2016/12/26 09:12:26 [notice] 5568#2452: signal process started
2016/12/26 09:12:26 [error] 5568#2452: OpenEvent("Global\ngx_stop_5832") failed (2: The system cannot find the file specified)
2016/12/26 15:28:33 [notice] 5716#5720: signal process started
2016/12/26 15:28:33 [error] 5716#5720: OpenEvent("Global\ngx_stop_744") failed (2: The system cannot find the file specified)
2016/12/27 09:14:51 [emerg] 3740#2192: host not found in upstream "cdn.www.master.eyebuy.direct" in D:\env\nginx-1.7.9/conf/conf.d/ebdcdn.com.conf:50
2016/12/27 14:06:11 [notice] 6532#3692: signal process started
2016/12/28 09:10:26 [notice] 5752#5756: signal process started
2016/12/28 09:10:26 [error] 5752#5756: OpenEvent("Global\ngx_stop_7064") failed (2: The system cannot find the file specified)
2016/12/29 09:10:59 [notice] 4964#5804: signal process started
2016/12/29 09:10:59 [error] 4964#5804: OpenEvent("Global\ngx_stop_5940") failed (2: The system cannot find the file specified)
2016/12/30 09:21:46 [notice] 1044#4632: signal process started
2016/12/30 09:21:46 [error] 1044#4632: OpenEvent("Global\ngx_stop_3668") failed (2: The system cannot find the file specified)
2017/01/03 09:17:41 [notice] 6728#6732: signal process started
2017/01/03 09:17:41 [error] 6728#6732: OpenEvent("Global\ngx_stop_5732") failed (2: The system cannot find the file specified)
2017/01/03 13:29:59 [notice] 4416#7608: signal process started
2017/01/03 18:15:26 [notice] 5668#5936: signal process started
2017/01/04 09:10:48 [notice] 3868#4652: signal process started
2017/01/04 09:10:48 [error] 3868#4652: OpenEvent("Global\ngx_stop_7648") failed (2: The system cannot find the file specified)
2017/01/04 15:57:14 [notice] 3932#480: signal process started
2017/01/04 15:57:14 [error] 3932#480: OpenEvent("Global\ngx_stop_4416") failed (2: The system cannot find the file specified)
2017/01/04 16:00:03 [notice] 5084#4388: signal process started
2017/01/05 09:16:03 [notice] 5200#5204: signal process started
2017/01/05 09:16:03 [error] 5200#5204: OpenEvent("Global\ngx_stop_6028") failed (2: The system cannot find the file specified)
2017/01/05 19:06:15 [notice] 4928#6604: signal process started
2017/01/06 09:13:12 [notice] 5224#5228: signal process started
2017/01/06 09:13:12 [error] 5224#5228: OpenEvent("Global\ngx_stop_6840") failed (2: The system cannot find the file specified)
2017/01/06 16:02:16 [notice] 5224#5680: signal process started
2017/01/09 09:20:10 [notice] 1756#5900: signal process started
2017/01/09 09:20:10 [error] 1756#5900: OpenEvent("Global\ngx_stop_2524") failed (2: The system cannot find the file specified)
2017/01/09 16:37:57 [notice] 4536#4184: signal process started
2017/01/10 09:11:46 [notice] 856#2872: signal process started
2017/01/10 09:11:46 [error] 856#2872: OpenEvent("Global\ngx_stop_6148") failed (2: The system cannot find the file specified)
2017/01/10 10:52:40 [notice] 6448#6656: signal process started
2017/01/10 10:57:03 [notice] 6472#4716: signal process started
2017/01/10 11:03:02 [notice] 4016#2692: signal process started
2017/01/10 11:05:23 [notice] 6356#6660: signal process started
2017/01/10 11:05:40 [notice] 6568#1384: signal process started
2017/01/11 09:35:24 [notice] 4040#5972: signal process started
2017/01/11 09:35:24 [error] 4040#5972: OpenEvent("Global\ngx_stop_2980") failed (2: The system cannot find the file specified)
2017/01/11 17:18:04 [notice] 5080#6408: signal process started
2017/01/12 09:17:04 [notice] 3560#2504: signal process started
2017/01/12 09:17:04 [error] 3560#2504: OpenEvent("Global\ngx_stop_6768") failed (2: The system cannot find the file specified)
2017/01/12 17:41:04 [notice] 5388#4000: signal process started
2017/01/13 09:23:22 [notice] 4716#4720: signal process started
2017/01/13 09:23:22 [error] 4716#4720: OpenEvent("Global\ngx_stop_6448") failed (2: The system cannot find the file specified)
2017/01/13 09:56:40 [notice] 1476#6436: signal process started
2017/01/16 09:21:36 [notice] 4368#4348: signal process started
2017/01/16 09:21:36 [error] 4368#4348: OpenEvent("Global\ngx_stop_2424") failed (2: The system cannot find the file specified)
2017/01/16 09:24:38 [notice] 4736#3836: signal process started
2017/01/16 17:00:42 [notice] 3064#6364: signal process started
2017/01/17 09:16:30 [notice] 5264#5268: signal process started
2017/01/17 09:16:30 [error] 5264#5268: OpenEvent("Global\ngx_stop_6548") failed (2: The system cannot find the file specified)
2017/01/18 09:23:47 [notice] 5684#5688: signal process started
2017/01/18 09:23:47 [error] 5684#5688: OpenEvent("Global\ngx_stop_6132") failed (2: The system cannot find the file specified)
2017/01/19 09:45:03 [notice] 1228#4528: signal process started
2017/01/19 09:45:03 [error] 1228#4528: OpenEvent("Global\ngx_stop_5972") failed (2: The system cannot find the file specified)
2017/01/19 09:45:41 [notice] 2120#5640: signal process started
2017/01/19 15:35:26 [notice] 5480#5484: signal process started
2017/01/19 15:35:26 [error] 5480#5484: OpenEvent("Global\ngx_stop_4828") failed (2: The system cannot find the file specified)
2017/01/20 09:08:38 [notice] 3736#5112: signal process started
2017/01/20 09:08:38 [error] 3736#5112: OpenEvent("Global\ngx_stop_5896") failed (2: The system cannot find the file specified)
2017/01/20 17:04:02 [notice] 5156#1488: signal process started
2017/01/23 09:16:23 [notice] 6048#1204: signal process started
2017/01/23 09:16:23 [error] 6048#1204: OpenEvent("Global\ngx_stop_6968") failed (2: The system cannot find the file specified)
2017/01/24 09:06:49 [notice] 4592#4596: signal process started
2017/01/24 09:06:49 [error] 4592#4596: OpenEvent("Global\ngx_stop_5168") failed (2: The system cannot find the file specified)
2017/01/25 09:20:58 [notice] 4512#4912: signal process started
2017/01/25 09:20:58 [error] 4512#4912: OpenEvent("Global\ngx_stop_3344") failed (2: The system cannot find the file specified)
2017/02/06 09:05:21 [notice] 1680#5420: signal process started
2017/02/06 09:05:21 [error] 1680#5420: OpenEvent("Global\ngx_stop_788") failed (2: The system cannot find the file specified)
2017/02/06 15:47:47 [notice] 2960#5596: signal process started
2017/02/07 09:16:14 [notice] 5076#1912: signal process started
2017/02/07 09:16:14 [error] 5076#1912: OpenEvent("Global\ngx_stop_6920") failed (2: The system cannot find the file specified)
2017/02/07 15:54:26 [notice] 5664#3460: signal process started
2017/02/08 09:19:16 [notice] 5244#5248: signal process started
2017/02/08 09:19:16 [error] 5244#5248: OpenEvent("Global\ngx_stop_5028") failed (2: The system cannot find the file specified)
2017/02/09 09:13:14 [notice] 3916#2004: signal process started
2017/02/09 09:13:14 [error] 3916#2004: OpenEvent("Global\ngx_stop_6092") failed (2: The system cannot find the file specified)
2017/02/09 11:33:06 [notice] 6824#4856: signal process started
2017/02/09 18:25:58 [notice] 6468#6580: signal process started
2017/02/10 09:14:04 [notice] 5828#5832: signal process started
2017/02/10 09:14:04 [error] 5828#5832: OpenEvent("Global\ngx_stop_5332") failed (2: The system cannot find the file specified)
2017/02/10 09:56:26 [notice] 4264#1616: signal process started
2017/02/13 09:27:40 [notice] 6324#6668: signal process started
2017/02/13 09:27:40 [error] 6324#6668: OpenEvent("Global\ngx_stop_3232") failed (2: The system cannot find the file specified)
2017/02/13 13:11:58 [notice] 15268#11548: signal process started
2017/02/13 14:21:52 [notice] 3756#6004: signal process started
2017/02/13 15:43:58 [notice] 13380#12660: signal process started
2017/02/13 16:17:38 [notice] 7316#9148: signal process started
2017/02/14 09:22:48 [notice] 5776#5452: signal process started
2017/02/14 09:22:48 [error] 5776#5452: OpenEvent("Global\ngx_stop_12688") failed (2: The system cannot find the file specified)
2017/02/14 14:49:50 [notice] 7080#1576: signal process started
2017/02/15 09:25:46 [notice] 5000#5020: signal process started
2017/02/15 09:25:46 [error] 5000#5020: OpenEvent("Global\ngx_stop_6456") failed (2: The system cannot find the file specified)
2017/02/15 10:43:18 [notice] 6296#7520: signal process started
2017/02/15 11:25:12 [notice] 7652#3872: signal process started
2017/02/15 14:27:48 [notice] 6676#7668: signal process started
2017/02/15 14:30:20 [notice] 1916#7828: signal process started
2017/02/15 15:36:28 [notice] 6748#2432: signal process started
2017/02/16 09:21:47 [notice] 1608#5012: signal process started
2017/02/16 09:21:47 [error] 1608#5012: OpenEvent("Global\ngx_stop_1640") failed (2: The system cannot find the file specified)
2017/02/16 16:03:39 [notice] 256#7124: signal process started
2017/02/16 18:10:20 [notice] 496#7080: signal process started
2017/02/17 09:21:28 [notice] 4604#4608: signal process started
2017/02/17 09:21:28 [error] 4604#4608: OpenEvent("Global\ngx_stop_1544") failed (2: The system cannot find the file specified)
2017/02/17 09:41:04 [notice] 7944#7948: signal process started
2017/02/17 12:05:58 [notice] 7704#2316: signal process started
2017/02/20 09:13:23 [notice] 3420#3160: signal process started
2017/02/20 09:13:23 [error] 3420#3160: OpenEvent("Global\ngx_stop_6020") failed (2: The system cannot find the file specified)
2017/02/20 15:01:38 [notice] 7180#8132: signal process started
2017/02/21 09:13:56 [notice] 5520#5524: signal process started
2017/02/21 09:13:56 [error] 5520#5524: OpenEvent("Global\ngx_stop_5428") failed (2: The system cannot find the file specified)
2017/02/21 09:14:24 [notice] 4804#4500: signal process started
2017/02/22 09:17:05 [notice] 1224#2976: signal process started
2017/02/22 09:17:05 [error] 1224#2976: OpenEvent("Global\ngx_stop_3788") failed (2: The system cannot find the file specified)
2017/02/23 09:20:15 [notice] 4304#3568: signal process started
2017/02/23 09:20:15 [error] 4304#3568: OpenEvent("Global\ngx_stop_2964") failed (2: The system cannot find the file specified)
2017/02/23 12:24:48 [notice] 4976#6556: signal process started
2017/02/23 17:38:59 [notice] 344#1456: signal process started
2017/02/24 09:19:01 [notice] 5308#5864: signal process started
2017/02/24 09:19:01 [error] 5308#5864: OpenEvent("Global\ngx_stop_6212") failed (2: The system cannot find the file specified)
2017/02/24 09:27:58 [notice] 7632#7532: signal process started
2017/02/24 14:49:52 [notice] 5448#4516: signal process started
2017/02/24 17:03:42 [notice] 4928#7716: signal process started
2017/02/24 18:16:37 [notice] 7964#5936: signal process started
2017/02/24 18:17:46 [notice] 6120#4328: signal process started
2017/02/24 18:32:19 [notice] 8000#3612: signal process started
2017/02/27 13:55:31 [notice] 4116#2360: signal process started
2017/02/27 13:55:31 [error] 4116#2360: OpenEvent("Global\ngx_stop_5248") failed (2: The system cannot find the file specified)
2017/02/27 15:04:47 [notice] 4824#6996: signal process started
2017/02/27 17:48:46 [notice] 6232#7040: signal process started
2017/02/28 09:30:54 [notice] 5684#4224: signal process started
2017/02/28 09:30:54 [error] 5684#4224: OpenEvent("Global\ngx_stop_5264") failed (2: The system cannot find the file specified)
2017/02/28 09:35:42 [notice] 6136#3460: signal process started
2017/03/01 09:19:25 [notice] 4488#2260: signal process started
2017/03/01 09:19:25 [error] 4488#2260: OpenEvent("Global\ngx_stop_1392") failed (2: The system cannot find the file specified)
2017/03/01 11:09:48 [notice] 5492#6120: signal process started
2017/03/01 11:09:48 [error] 5492#6120: OpenEvent("Global\ngx_stop_4644") failed (2: The system cannot find the file specified)
2017/03/02 09:25:48 [notice] 5716#5720: signal process started
2017/03/02 09:25:48 [error] 5716#5720: OpenEvent("Global\ngx_stop_4144") failed (2: The system cannot find the file specified)
2017/03/02 12:12:13 [notice] 5824#3144: signal process started
2017/03/02 12:18:14 [notice] 780#1684: signal process started
2017/03/02 12:18:14 [error] 780#1684: OpenEvent("Global\ngx_stop_5872") failed (2: The system cannot find the file specified)
2017/03/02 14:28:39 [notice] 2280#6228: signal process started
2017/03/02 14:28:39 [error] 2280#6228: OpenEvent("Global\ngx_stop_5872") failed (2: The system cannot find the file specified)
2017/03/02 14:44:07 [notice] 6764#4996: signal process started
2017/03/02 14:44:15 [notice] 6176#5716: signal process started
2017/03/02 14:44:15 [error] 6176#5716: CreateFile() "D:\env\nginx-1.7.9/logs/nginx.pid" failed (2: The system cannot find the file specified)
2017/03/03 09:21:28 [notice] 4136#4404: signal process started
2017/03/03 09:21:28 [error] 4136#4404: OpenEvent("Global\ngx_stop_6960") failed (2: The system cannot find the file specified)
2017/03/03 11:03:36 [notice] 4592#4568: signal process started
2017/03/03 11:03:36 [notice] 4572#4580: signal process started
2017/03/03 11:03:36 [error] 4592#4568: OpenEvent("Global\ngx_stop_4944") failed (2: The system cannot find the file specified)
2017/03/03 11:03:36 [error] 4572#4580: OpenEvent("Global\ngx_stop_4944") failed (2: The system cannot find the file specified)
2017/03/03 11:03:36 [notice] 4512#4652: signal process started
2017/03/03 11:03:36 [error] 4512#4652: OpenEvent("Global\ngx_stop_4944") failed (2: The system cannot find the file specified)
2017/03/03 11:03:36 [notice] 4564#4664: signal process started
2017/03/03 11:03:36 [error] 4564#4664: OpenEvent("Global\ngx_stop_4944") failed (2: The system cannot find the file specified)
2017/03/03 11:03:36 [notice] 4548#4544: signal process started
2017/03/03 11:03:36 [error] 4548#4544: OpenEvent("Global\ngx_stop_4944") failed (2: The system cannot find the file specified)
2017/03/06 09:15:48 [notice] 4780#4784: signal process started
2017/03/06 09:15:48 [error] 4780#4784: OpenEvent("Global\ngx_stop_3720") failed (2: The system cannot find the file specified)
2017/03/06 09:41:49 [emerg] 6184#6316: invalid return code "$request_filename" in D:\env\nginx-1.7.9/conf/conf.d/www.eyebuydirect.com.conf:53
2017/03/06 09:41:50 [emerg] 5296#6840: invalid return code "$request_filename" in D:\env\nginx-1.7.9/conf/conf.d/www.eyebuydirect.com.conf:53
2017/03/06 09:42:31 [notice] 3924#6156: signal process started
2017/03/06 09:42:31 [error] 3924#6156: OpenEvent("Global\ngx_stop_1560") failed (2: The system cannot find the file specified)
2017/03/06 09:42:43 [notice] 4796#6252: signal process started
2017/03/06 09:43:24 [notice] 6008#1352: signal process started
2017/03/06 09:48:29 [notice] 7072#5496: signal process started
2017/03/06 09:48:49 [notice] 6624#6996: signal process started
2017/03/06 09:54:42 [emerg] 1432#3480: unknown directive "echo" in D:\env\nginx-1.7.9/conf/conf.d/ebdplus.com.conf:40
2017/03/06 09:54:43 [emerg] 5716#6428: unknown directive "echo" in D:\env\nginx-1.7.9/conf/conf.d/ebdplus.com.conf:40
2017/03/06 09:55:50 [notice] 5792#6708: signal process started
2017/03/06 09:55:50 [error] 5792#6708: OpenEvent("Global\ngx_stop_6860") failed (2: The system cannot find the file specified)
2017/03/06 09:56:08 [emerg] 3012#6408: unknown directive "echo" in D:\env\nginx-1.7.9/conf/conf.d/ebdplus.com.conf:40
2017/03/06 09:56:09 [emerg] 5428#6468: unknown directive "echo" in D:\env\nginx-1.7.9/conf/conf.d/ebdplus.com.conf:40
2017/03/06 09:56:34 [notice] 6344#6248: signal process started
2017/03/06 09:56:34 [error] 6344#6248: OpenEvent("Global\ngx_stop_3236") failed (2: The system cannot find the file specified)
2017/03/06 14:14:32 [notice] 4600#4692: signal process started
2017/03/06 14:16:49 [notice] 4708#4668: signal process started
2017/03/06 14:16:57 [notice] 4296#3080: signal process started
2017/03/06 16:13:46 [notice] 6724#5940: signal process started
2017/03/06 16:19:49 [notice] 5616#5948: signal process started
2017/03/06 19:53:04 [notice] 5408#6152: signal process started
2017/03/06 19:53:04 [notice] 6304#5812: signal process started
2017/03/07 09:21:34 [notice] 192#2024: signal process started
2017/03/07 09:21:34 [error] 192#2024: OpenEvent("Global\ngx_stop_6200") failed (2: The system cannot find the file specified)
2017/03/07 10:07:26 [notice] 7388#3612: signal process started
2017/03/07 10:14:38 [notice] 1732#4588: signal process started
2017/03/07 10:17:15 [notice] 7028#1124: signal process started
2017/03/07 10:17:18 [notice] 4304#3840: signal process started
2017/03/07 10:21:55 [notice] 2060#7724: signal process started
2017/03/07 10:21:55 [error] 2060#7724: OpenEvent("Global\ngx_stop_2964") failed (2: The system cannot find the file specified)
2017/03/07 11:58:20 [notice] 6364#7464: signal process started
2017/03/07 12:02:36 [notice] 6500#7496: signal process started
2017/03/08 09:24:57 [notice] 792#252: signal process started
2017/03/08 09:24:57 [error] 792#252: OpenEvent("Global\ngx_stop_5360") failed (2: The system cannot find the file specified)
2017/03/08 15:21:13 [notice] 6364#5556: signal process started
2017/03/08 15:21:13 [error] 6364#5556: OpenEvent("Global\ngx_stop_2448") failed (2: The system cannot find the file specified)
2017/03/09 09:20:52 [notice] 5624#5628: signal process started
2017/03/09 09:20:52 [error] 5624#5628: OpenEvent("Global\ngx_stop_7092") failed (2: The system cannot find the file specified)
2017/03/10 09:31:32 [notice] 4612#4476: signal process started
2017/03/10 09:31:32 [error] 4612#4476: OpenEvent("Global\ngx_stop_5796") failed (2: The system cannot find the file specified)
2017/03/10 10:23:29 [notice] 3064#4576: signal process started
2017/03/10 10:23:29 [error] 3064#4576: OpenEvent("Global\ngx_stop_5612") failed (2: The system cannot find the file specified)
2017/03/10 14:37:04 [notice] 5432#6976: signal process started
2017/03/10 14:37:07 [notice] 5572#6584: signal process started
2017/03/10 14:37:09 [notice] 5480#5860: signal process started
2017/03/10 14:37:09 [error] 5480#5860: OpenEvent("Global\ngx_stop_7060") failed (2: The system cannot find the file specified)
2017/03/13 09:27:34 [notice] 6608#6612: signal process started
2017/03/13 09:27:34 [error] 6608#6612: OpenEvent("Global\ngx_stop_4744") failed (2: The system cannot find the file specified)
2017/03/13 11:43:38 [notice] 1748#7160: signal process started
2017/03/13 11:48:24 [notice] 4764#7160: signal process started
2017/03/13 14:21:53 [notice] 3040#6640: signal process started
2017/03/13 14:24:37 [notice] 7160#3216: signal process started
2017/03/14 09:14:17 [notice] 2368#4872: signal process started
2017/03/14 09:14:17 [error] 2368#4872: OpenEvent("Global\ngx_stop_6596") failed (2: The system cannot find the file specified)
2017/03/14 14:47:31 [notice] 1748#3312: signal process started
2017/03/14 14:47:31 [error] 1748#3312: OpenEvent("Global\ngx_stop_2404") failed (2: The system cannot find the file specified)
2017/03/15 09:17:56 [notice] 4232#4236: signal process started
2017/03/15 09:17:56 [error] 4232#4236: OpenEvent("Global\ngx_stop_5580") failed (2: The system cannot find the file specified)
2017/03/15 13:23:59 [notice] 1860#4672: signal process started
2017/03/15 13:23:59 [error] 1860#4672: OpenEvent("Global\ngx_stop_4616") failed (2: The system cannot find the file specified)
2017/03/16 09:39:02 [notice] 7344#7348: signal process started
2017/03/16 09:39:02 [error] 7344#7348: OpenEvent("Global\ngx_stop_3876") failed (2: The system cannot find the file specified)
2017/03/16 19:30:52 [notice] 6560#7800: signal process started
2017/03/17 09:40:14 [notice] 5612#1836: signal process started
2017/03/17 09:40:14 [error] 5612#1836: OpenEvent("Global\ngx_stop_7692") failed (2: The system cannot find the file specified)
2017/03/20 09:24:23 [notice] 5176#5388: signal process started
2017/03/20 09:24:23 [error] 5176#5388: OpenEvent("Global\ngx_stop_6044") failed (2: The system cannot find the file specified)
2017/03/20 09:28:20 [notice] 3040#2688: signal process started
2017/03/20 18:56:45 [notice] 7144#1484: signal process started
2017/03/21 09:22:10 [notice] 3660#856: signal process started
2017/03/21 09:22:10 [error] 3660#856: OpenEvent("Global\ngx_stop_6048") failed (2: The system cannot find the file specified)
2017/03/21 09:27:57 [notice] 1804#5780: signal process started
2017/03/21 19:11:21 [notice] 6796#2988: signal process started
2017/03/22 09:24:54 [notice] 4100#5952: signal process started
2017/03/22 09:24:54 [error] 4100#5952: OpenEvent("Global\ngx_stop_6960") failed (2: The system cannot find the file specified)
2017/03/22 12:07:39 [notice] 7488#7508: signal process started
2017/03/22 12:08:20 [notice] 7652#7740: signal process started
2017/03/22 12:08:42 [notice] 7508#7488: signal process started
2017/03/22 12:09:21 [notice] 6684#6508: signal process started
2017/03/22 12:09:50 [notice] 2664#5216: signal process started
2017/03/22 12:10:43 [notice] 940#3864: signal process started
2017/03/22 12:12:19 [notice] 6936#5072: signal process started
2017/03/22 12:14:55 [notice] 6908#7836: signal process started
2017/03/22 12:15:30 [notice] 7072#7620: signal process started
2017/03/22 12:17:11 [notice] 4124#7992: signal process started
2017/03/22 12:18:17 [notice] 6292#7536: signal process started
2017/03/22 12:19:44 [notice] 7844#7712: signal process started
2017/03/22 12:20:03 [notice] 7540#7816: signal process started
2017/03/22 12:20:25 [notice] 7284#8076: signal process started
2017/03/22 12:22:23 [notice] 8072#5408: signal process started
2017/03/22 12:22:41 [notice] 6648#7012: signal process started
2017/03/22 12:23:04 [notice] 5972#7448: signal process started
2017/03/22 12:23:35 [notice] 7484#6708: signal process started
2017/03/22 12:24:58 [notice] 8184#7640: signal process started
2017/03/23 12:15:44 [notice] 4980#6780: signal process started
2017/03/23 12:15:44 [error] 4980#6780: OpenEvent("Global\ngx_stop_7844") failed (2: The system cannot find the file specified)
2017/03/23 15:25:55 [notice] 6076#4952: signal process started
2017/03/24 09:20:32 [notice] 4344#4156: signal process started
2017/03/24 09:20:32 [error] 4344#4156: OpenEvent("Global\ngx_stop_6280") failed (2: The system cannot find the file specified)
2017/03/24 12:11:12 [notice] 4828#6632: signal process started
2017/03/24 12:12:35 [notice] 6780#5928: signal process started
2017/03/24 12:15:54 [notice] 6592#1744: signal process started
2017/03/24 12:18:21 [notice] 3968#4980: signal process started
2017/03/24 12:19:00 [notice] 7036#3052: signal process started
2017/03/24 12:24:37 [notice] 5116#852: signal process started
2017/03/24 12:25:24 [notice] 4804#6396: signal process started
2017/03/24 12:27:32 [notice] 4432#5884: signal process started
2017/03/24 15:54:04 [notice] 4404#6440: signal process started
2017/03/24 15:54:41 [notice] 4840#2544: signal process started
2017/03/24 15:58:15 [notice] 5992#5564: signal process started
2017/03/27 09:07:58 [notice] 5544#5548: signal process started
2017/03/27 09:07:58 [error] 5544#5548: OpenEvent("Global\ngx_stop_6256") failed (2: The system cannot find the file specified)
2017/03/27 16:05:19 [notice] 7880#4420: signal process started
2017/03/28 09:18:21 [notice] 5840#5836: signal process started
2017/03/28 09:18:21 [error] 5840#5836: OpenEvent("Global\ngx_stop_6200") failed (2: The system cannot find the file specified)
2017/03/28 15:56:20 [notice] 1736#6912: signal process started
2017/03/28 15:56:59 [notice] 6664#580: signal process started
2017/03/28 15:57:08 [notice] 6240#6828: signal process started
2017/03/28 15:57:08 [error] 6240#6828: OpenEvent("Global\ngx_stop_6292") failed (2: The system cannot find the file specified)
2017/03/29 09:18:41 [notice] 4548#4540: signal process started
2017/03/29 09:18:41 [error] 4548#4540: OpenEvent("Global\ngx_stop_6304") failed (2: The system cannot find the file specified)
2017/03/29 15:34:03 [notice] 7296#1492: signal process started
2017/03/29 15:34:03 [notice] 7708#7552: signal process started
2017/03/29 15:34:04 [notice] 7360#6112: signal process started
2017/03/29 18:12:42 [notice] 7108#544: signal process started
2017/03/29 18:12:46 [notice] 7992#7188: signal process started
2017/03/30 09:14:34 [notice] 484#1652: signal process started
2017/03/30 09:14:34 [error] 484#1652: OpenEvent("Global\ngx_stop_6532") failed (2: The system cannot find the file specified)
2017/03/30 10:15:29 [notice] 1768#5988: signal process started
2017/03/30 10:47:34 [notice] 5704#5176: signal process started
2017/03/30 18:22:20 [notice] 6044#6040: signal process started
2017/03/30 18:22:20 [error] 6044#6040: OpenEvent("Global\ngx_stop_5156") failed (2: The system cannot find the file specified)
2017/03/31 09:30:52 [notice] 4916#4912: signal process started
2017/03/31 09:30:52 [error] 4916#4912: OpenEvent("Global\ngx_stop_3936") failed (2: The system cannot find the file specified)
2017/03/31 15:10:23 [notice] 6052#2452: signal process started
2017/03/31 15:57:24 [notice] 5844#3356: signal process started
2017/04/05 09:13:57 [notice] 3360#4208: signal process started
2017/04/05 09:13:57 [error] 3360#4208: OpenEvent("Global\ngx_stop_6164") failed (2: The system cannot find the file specified)
2017/04/05 09:20:01 [notice] 2516#2128: signal process started
2017/04/05 15:14:30 [notice] 4232#852: signal process started
2017/04/05 15:15:12 [notice] 6284#5884: signal process started
2017/04/05 15:17:23 [notice] 2248#7984: signal process started
2017/04/05 15:19:04 [notice] 3368#7392: signal process started
2017/04/05 15:22:44 [notice] 1692#6320: signal process started
2017/04/05 15:23:25 [notice] 7844#7780: signal process started
2017/04/05 15:23:48 [notice] 6288#7440: signal process started
2017/04/05 15:24:32 [notice] 7516#1752: signal process started
2017/04/05 15:25:02 [notice] 7312#1752: signal process started
2017/04/05 15:27:38 [notice] 6832#6320: signal process started
2017/04/05 15:28:14 [notice] 7748#7580: signal process started
2017/04/05 15:28:37 [notice] 7368#6284: signal process started
2017/04/05 16:03:13 [notice] 7732#7996: signal process started
2017/04/05 16:04:00 [notice] 2112#6336: signal process started
2017/04/06 09:05:07 [notice] 5416#5892: signal process started
2017/04/06 09:05:07 [error] 5416#5892: OpenEvent("Global\ngx_stop_8040") failed (2: The system cannot find the file specified)
2017/04/06 14:32:39 [notice] 4068#4024: signal process started
2017/04/06 14:39:46 [notice] 7016#6472: signal process started
2017/04/06 14:40:54 [notice] 6484#6072: signal process started
2017/04/06 14:41:28 [notice] 6132#6324: signal process started
2017/04/06 14:41:53 [notice] 5160#6284: signal process started
2017/04/06 14:42:12 [notice] 6360#6404: signal process started
2017/04/06 14:42:37 [notice] 3420#1104: signal process started
2017/04/06 14:44:45 [notice] 4008#7088: signal process started
2017/04/06 14:45:18 [notice] 6100#5564: signal process started
2017/04/06 14:45:52 [notice] 1016#6280: signal process started
2017/04/06 14:46:17 [notice] 7092#6252: signal process started
2017/04/07 09:13:19 [notice] 6112#6116: signal process started
2017/04/07 09:13:19 [error] 6112#6116: OpenEvent("Global\ngx_stop_6388") failed (2: The system cannot find the file specified)
2017/04/07 17:34:28 [notice] 1060#4584: signal process started
2017/04/10 09:22:29 [notice] 2588#3052: signal process started
2017/04/10 09:22:29 [error] 2588#3052: OpenEvent("Global\ngx_stop_3368") failed (2: The system cannot find the file specified)
2017/04/10 11:48:36 [notice] 6952#7108: signal process started
2017/04/10 11:48:36 [error] 6952#7108: OpenEvent("Global\ngx_stop_5016") failed (2: The system cannot find the file specified)
2017/04/11 09:31:47 [notice] 7124#6304: signal process started
2017/04/11 09:31:47 [error] 7124#6304: OpenEvent("Global\ngx_stop_6472") failed (2: The system cannot find the file specified)
2017/04/11 11:22:04 [notice] 7100#1724: signal process started
2017/04/11 15:07:00 [notice] 6308#5380: signal process started
2017/04/11 15:12:53 [notice] 6584#1392: signal process started
2017/04/11 15:12:59 [notice] 3136#6108: signal process started
2017/04/11 15:12:59 [error] 3136#6108: OpenEvent("Global\ngx_stop_1780") failed (2: The system cannot find the file specified)
2017/04/11 15:16:09 [notice] 6912#6468: signal process started
2017/04/11 15:41:48 [notice] 7400#7404: signal process started
2017/04/11 15:42:32 [notice] 7608#7612: signal process started
2017/04/11 15:44:10 [notice] 6212#8132: signal process started
2017/04/11 15:51:57 [emerg] 7724#1492: "alias" directive is not allowed here in D:\env\nginx-1.7.9/conf/conf.d/ebdcdn.com.conf:43
2017/04/11 15:51:58 [emerg] 6108#7624: "alias" directive is not allowed here in D:\env\nginx-1.7.9/conf/conf.d/ebdcdn.com.conf:43
2017/04/11 15:52:10 [emerg] 7564#7260: "alias" directive is not allowed here in D:\env\nginx-1.7.9/conf/conf.d/ebdcdn.com.conf:43
2017/04/11 15:52:11 [emerg] 7072#6892: "alias" directive is not allowed here in D:\env\nginx-1.7.9/conf/conf.d/ebdcdn.com.conf:43
2017/04/11 15:52:22 [emerg] 8148#7900: "alias" directive is not allowed here in D:\env\nginx-1.7.9/conf/conf.d/ebdcdn.com.conf:43
2017/04/11 15:52:23 [emerg] 7476#7704: "alias" directive is not allowed here in D:\env\nginx-1.7.9/conf/conf.d/ebdcdn.com.conf:43
2017/04/11 15:52:35 [notice] 7692#7732: signal process started
2017/04/11 15:52:35 [error] 7692#7732: OpenEvent("Global\ngx_stop_8160") failed (2: The system cannot find the file specified)
2017/04/11 15:52:57 [notice] 7676#7756: signal process started
2017/04/11 15:53:05 [emerg] 4344#7764: "alias" directive is not allowed here in D:\env\nginx-1.7.9/conf/conf.d/ebdcdn.com.conf:43
2017/04/11 15:53:06 [emerg] 2556#8068: "alias" directive is not allowed here in D:\env\nginx-1.7.9/conf/conf.d/ebdcdn.com.conf:43
2017/04/11 15:54:10 [emerg] 5492#4264: "alias" directive is not allowed here in D:\env\nginx-1.7.9/conf/conf.d/ebdcdn.com.conf:43
2017/04/11 15:54:12 [emerg] 5384#7208: "alias" directive is not allowed here in D:\env\nginx-1.7.9/conf/conf.d/ebdcdn.com.conf:43
2017/04/11 15:57:39 [emerg] 6568#6248: "alias" directive is not allowed here in D:\env\nginx-1.7.9/conf/conf.d/ebdcdn.com.conf:31
2017/04/11 15:57:40 [emerg] 5140#7616: "alias" directive is not allowed here in D:\env\nginx-1.7.9/conf/conf.d/ebdcdn.com.conf:31
2017/04/11 16:00:56 [emerg] 7532#7340: "alias" directive is not allowed here in D:\env\nginx-1.7.9/conf/conf.d/ebdcdn.com.conf:31
2017/04/11 16:00:58 [emerg] 7476#7460: "alias" directive is not allowed here in D:\env\nginx-1.7.9/conf/conf.d/ebdcdn.com.conf:31
2017/04/11 16:01:46 [emerg] 5808#7616: "alias" directive is not allowed here in D:\env\nginx-1.7.9/conf/conf.d/ebdcdn.com.conf:31
2017/04/11 16:01:47 [emerg] 5336#6032: "alias" directive is not allowed here in D:\env\nginx-1.7.9/conf/conf.d/ebdcdn.com.conf:31
2017/04/11 16:06:03 [emerg] 1388#7036: "alias" directive is not allowed here in D:\env\nginx-1.7.9/conf/conf.d/ebdcdn.com.conf:31
2017/04/11 16:06:04 [emerg] 7488#6996: "alias" directive is not allowed here in D:\env\nginx-1.7.9/conf/conf.d/ebdcdn.com.conf:31
2017/04/11 16:06:29 [emerg] 8144#4292: "alias" directive is not allowed here in D:\env\nginx-1.7.9/conf/conf.d/ebdcdn.com.conf:31
2017/04/11 16:07:09 [emerg] 5104#7696: "alias" directive is not allowed here in D:\env\nginx-1.7.9/conf/conf.d/ebdcdn.com.conf:31
2017/04/11 16:07:22 [emerg] 7576#7772: "alias" directive is not allowed here in D:\env\nginx-1.7.9/conf/conf.d/ebdcdn.com.conf:31
2017/04/11 16:07:50 [emerg] 8080#4220: "alias" directive is not allowed here in D:\env\nginx-1.7.9/conf/conf.d/ebdcdn.com.conf:31
2017/04/11 16:08:18 [emerg] 7848#6712: "alias" directive is not allowed here in D:\env\nginx-1.7.9/conf/conf.d/ebdcdn.com.conf:31
2017/04/11 16:10:03 [emerg] 6724#7952: "alias" directive is not allowed here in D:\env\nginx-1.7.9/conf/conf.d/ebdcdn.com.conf:31
2017/04/11 16:10:04 [emerg] 7536#320: "alias" directive is not allowed here in D:\env\nginx-1.7.9/conf/conf.d/ebdcdn.com.conf:31
2017/04/11 16:10:35 [emerg] 7732#7968: "alias" directive is not allowed here in D:\env\nginx-1.7.9/conf/conf.d/ebdcdn.com.conf:31
2017/04/11 16:10:36 [emerg] 7444#6600: "alias" directive is not allowed here in D:\env\nginx-1.7.9/conf/conf.d/ebdcdn.com.conf:31
2017/04/11 16:11:08 [emerg] 4620#5392: "alias" directive is not allowed here in D:\env\nginx-1.7.9/conf/conf.d/ebdcdn.com.conf:31
2017/04/11 16:11:10 [emerg] 7320#6180: "alias" directive is not allowed here in D:\env\nginx-1.7.9/conf/conf.d/ebdcdn.com.conf:31
2017/04/11 16:11:39 [emerg] 7088#1948: "alias" directive is not allowed here in D:\env\nginx-1.7.9/conf/conf.d/ebdcdn.com.conf:31
2017/04/11 16:11:39 [emerg] 8156#6492: "alias" directive is not allowed here in D:\env\nginx-1.7.9/conf/conf.d/ebdcdn.com.conf:31
2017/04/11 16:11:50 [emerg] 7800#7904: "alias" directive is not allowed here in D:\env\nginx-1.7.9/conf/conf.d/ebdcdn.com.conf:31
2017/04/11 16:11:51 [emerg] 6524#8004: "alias" directive is not allowed here in D:\env\nginx-1.7.9/conf/conf.d/ebdcdn.com.conf:31
2017/04/11 16:12:24 [emerg] 3840#7732: "alias" directive is not allowed here in D:\env\nginx-1.7.9/conf/conf.d/ebdcdn.com.conf:31
2017/04/11 16:12:24 [emerg] 7000#7460: "alias" directive is not allowed here in D:\env\nginx-1.7.9/conf/conf.d/ebdcdn.com.conf:31
2017/04/11 16:13:52 [emerg] 6400#8108: "alias" directive is not allowed here in D:\env\nginx-1.7.9/conf/conf.d/ebdcdn.com.conf:31
2017/04/11 16:13:52 [emerg] 1256#8148: "alias" directive is not allowed here in D:\env\nginx-1.7.9/conf/conf.d/ebdcdn.com.conf:31
2017/04/11 16:16:52 [notice] 2256#7856: signal process started
2017/04/11 16:16:52 [error] 2256#7856: OpenEvent("Global\ngx_stop_6560") failed (2: The system cannot find the file specified)
2017/04/11 16:27:27 [notice] 3728#7908: signal process started
2017/04/11 16:27:52 [notice] 6364#8000: signal process started
2017/04/11 16:35:28 [emerg] 4288#5068: "if" directive is not allowed here in D:\env\nginx-1.7.9/conf/conf.d/ebdcdn.com.conf:30
2017/04/11 16:35:28 [emerg] 7996#4424: "if" directive is not allowed here in D:\env\nginx-1.7.9/conf/conf.d/ebdcdn.com.conf:30
2017/04/11 16:35:57 [emerg] 7468#6888: "if" directive is not allowed here in D:\env\nginx-1.7.9/conf/conf.d/ebdcdn.com.conf:30
2017/04/11 16:35:58 [emerg] 7836#5388: "if" directive is not allowed here in D:\env\nginx-1.7.9/conf/conf.d/ebdcdn.com.conf:30
2017/04/11 16:36:31 [emerg] 5140#7888: "if" directive is not allowed here in D:\env\nginx-1.7.9/conf/conf.d/ebdcdn.com.conf:29
2017/04/11 16:36:31 [emerg] 7948#7748: "if" directive is not allowed here in D:\env\nginx-1.7.9/conf/conf.d/ebdcdn.com.conf:29
2017/04/11 16:37:48 [emerg] 7292#5032: "if" directive is not allowed here in D:\env\nginx-1.7.9/conf/conf.d/ebdcdn.com.conf:30
2017/04/11 16:37:49 [emerg] 7380#8056: "if" directive is not allowed here in D:\env\nginx-1.7.9/conf/conf.d/ebdcdn.com.conf:30
2017/04/11 16:39:54 [emerg] 7640#7608: unknown directive "echo" in D:\env\nginx-1.7.9/conf/conf.d/ebdcdn.com.conf:28
2017/04/11 16:39:54 [emerg] 4776#7952: unknown directive "echo" in D:\env\nginx-1.7.9/conf/conf.d/ebdcdn.com.conf:28
2017/04/11 16:40:08 [emerg] 7184#7820: unknown directive "echo" in D:\env\nginx-1.7.9/conf/conf.d/ebdcdn.com.conf:28
2017/04/11 16:40:09 [emerg] 7464#7600: unknown directive "echo" in D:\env\nginx-1.7.9/conf/conf.d/ebdcdn.com.conf:28
2017/04/11 16:40:26 [emerg] 7760#7204: unknown directive "echo" in D:\env\nginx-1.7.9/conf/conf.d/ebdcdn.com.conf:28
2017/04/11 16:40:26 [emerg] 7544#7980: unknown directive "echo" in D:\env\nginx-1.7.9/conf/conf.d/ebdcdn.com.conf:28
2017/04/11 16:41:02 [emerg] 7592#7580: unknown directive "echo" in D:\env\nginx-1.7.9/conf/conf.d/ebdcdn.com.conf:28
2017/04/11 16:41:02 [emerg] 8132#7268: unknown directive "echo" in D:\env\nginx-1.7.9/conf/conf.d/ebdcdn.com.conf:28
2017/04/11 16:41:12 [emerg] 5472#7248: unknown directive "echo" in D:\env\nginx-1.7.9/conf/conf.d/ebdcdn.com.conf:28
2017/04/11 16:41:12 [emerg] 7376#3952: unknown directive "echo" in D:\env\nginx-1.7.9/conf/conf.d/ebdcdn.com.conf:28
2017/04/11 16:41:43 [notice] 7320#7296: signal process started
2017/04/11 16:41:43 [error] 7320#7296: OpenEvent("Global\ngx_stop_5996") failed (2: The system cannot find the file specified)
2017/04/11 16:42:04 [emerg] 6240#6872: unknown directive "echo" in D:\env\nginx-1.7.9/conf/conf.d/ebdcdn.com.conf:28
2017/04/11 16:42:04 [emerg] 6152#7572: unknown directive "echo" in D:\env\nginx-1.7.9/conf/conf.d/ebdcdn.com.conf:28
2017/04/11 16:43:51 [notice] 7268#3164: signal process started
2017/04/11 16:43:51 [error] 7268#3164: OpenEvent("Global\ngx_stop_6612") failed (2: The system cannot find the file specified)
2017/04/11 16:44:31 [emerg] 7176#2256: "alias" directive is not allowed here in D:\env\nginx-1.7.9/conf/conf.d/ebdcdn.com.conf:31
2017/04/11 16:44:31 [emerg] 7884#7236: "alias" directive is not allowed here in D:\env\nginx-1.7.9/conf/conf.d/ebdcdn.com.conf:31
2017/04/11 16:44:40 [notice] 7536#1676: signal process started
2017/04/11 16:44:40 [error] 7536#1676: OpenEvent("Global\ngx_stop_7548") failed (2: The system cannot find the file specified)
2017/04/11 16:45:01 [notice] 6572#6580: signal process started
2017/04/11 16:45:20 [notice] 7088#8136: signal process started
2017/04/11 16:46:46 [notice] 2996#7252: signal process started
2017/04/11 16:47:29 [emerg] 6936#3200: "if" directive is not allowed here in D:\env\nginx-1.7.9/conf/conf.d/ebdcdn.com.conf:45
2017/04/11 16:47:29 [emerg] 7372#7356: "if" directive is not allowed here in D:\env\nginx-1.7.9/conf/conf.d/ebdcdn.com.conf:45
2017/04/11 16:47:38 [notice] 7568#6092: signal process started
2017/04/11 16:47:38 [error] 7568#6092: OpenEvent("Global\ngx_stop_7708") failed (2: The system cannot find the file specified)
2017/04/11 16:51:35 [notice] 3656#3288: signal process started
2017/04/11 18:42:41 [notice] 3196#5308: signal process started
2017/04/11 18:43:12 [notice] 1200#4304: signal process started
2017/04/11 19:12:31 [notice] 7200#7788: signal process started
2017/04/12 09:11:52 [notice] 4968#4972: signal process started
2017/04/12 09:11:52 [error] 4968#4972: OpenEvent("Global\ngx_stop_1848") failed (2: The system cannot find the file specified)
2017/04/12 14:31:49 [notice] 5836#5840: signal process started
2017/04/12 14:31:49 [error] 5836#5840: OpenEvent("Global\ngx_stop_5096") failed (2: The system cannot find the file specified)
2017/04/12 14:32:26 [notice] 6000#5756: signal process started
2017/04/13 09:26:16 [notice] 5904#5908: signal process started
2017/04/13 09:26:16 [error] 5904#5908: OpenEvent("Global\ngx_stop_5936") failed (2: The system cannot find the file specified)
2017/04/13 16:21:04 [notice] 4676#4716: signal process started
2017/04/13 16:21:04 [error] 4676#4716: OpenEvent("Global\ngx_stop_5692") failed (2: The system cannot find the file specified)
2017/04/13 16:21:34 [notice] 5692#5696: signal process started
2017/04/14 09:37:24 [notice] 6160#6164: signal process started
2017/04/14 09:37:24 [error] 6160#6164: OpenEvent("Global\ngx_stop_5868") failed (2: The system cannot find the file specified)
2017/04/14 17:17:15 [notice] 7828#5084: signal process started
2017/04/17 09:29:56 [notice] 4408#3044: signal process started
2017/04/17 09:29:56 [error] 4408#3044: OpenEvent("Global\ngx_stop_4928") failed (2: The system cannot find the file specified)
2017/04/18 09:18:09 [notice] 5008#5012: signal process started
2017/04/18 09:18:09 [error] 5008#5012: OpenEvent("Global\ngx_stop_3972") failed (2: The system cannot find the file specified)
2017/04/19 09:15:52 [notice] 5516#5616: signal process started
2017/04/19 09:15:52 [error] 5516#5616: OpenEvent("Global\ngx_stop_4560") failed (2: The system cannot find the file specified)
2017/04/20 09:18:06 [notice] 2888#2916: signal process started
2017/04/20 09:18:06 [error] 2888#2916: OpenEvent("Global\ngx_stop_2152") failed (2: The system cannot find the file specified)
2017/04/21 09:23:22 [notice] 4852#4864: signal process started
2017/04/21 09:23:22 [error] 4852#4864: OpenEvent("Global\ngx_stop_5608") failed (2: The system cannot find the file specified)
2017/04/21 14:45:46 [emerg] 2648#7708: pcre_compile() failed: nothing to repeat in "^(*)$" at "*)$" in D:\env\nginx-1.7.9/conf/conf.d/personal/notes.conf:12
2017/04/21 14:45:46 [emerg] 7056#7920: pcre_compile() failed: nothing to repeat in "^(*)$" at "*)$" in D:\env\nginx-1.7.9/conf/conf.d/personal/notes.conf:12
2017/04/21 14:46:09 [emerg] 7236#7304: pcre_compile() failed: nothing to repeat in "^(*)$" at "*)$" in D:\env\nginx-1.7.9/conf/conf.d/personal/notes.conf:12
2017/04/21 14:46:09 [emerg] 7060#8136: pcre_compile() failed: nothing to repeat in "^(*)$" at "*)$" in D:\env\nginx-1.7.9/conf/conf.d/personal/notes.conf:12
2017/04/21 14:47:23 [emerg] 7728#7116: pcre_compile() failed: nothing to repeat in "^(*)$" at "*)$" in D:\env\nginx-1.7.9/conf/conf.d/personal/notes.conf:12
2017/04/21 14:47:24 [emerg] 8052#6748: pcre_compile() failed: nothing to repeat in "^(*)$" at "*)$" in D:\env\nginx-1.7.9/conf/conf.d/personal/notes.conf:12
2017/04/21 14:47:24 [emerg] 6932#7944: pcre_compile() failed: nothing to repeat in "^(*)$" at "*)$" in D:\env\nginx-1.7.9/conf/conf.d/personal/notes.conf:12
2017/04/21 14:47:25 [emerg] 7968#3080: pcre_compile() failed: nothing to repeat in "^(*)$" at "*)$" in D:\env\nginx-1.7.9/conf/conf.d/personal/notes.conf:12
2017/04/21 14:47:25 [emerg] 1068#7680: pcre_compile() failed: nothing to repeat in "^(*)$" at "*)$" in D:\env\nginx-1.7.9/conf/conf.d/personal/notes.conf:12
2017/04/21 14:47:26 [emerg] 2036#7196: pcre_compile() failed: nothing to repeat in "^(*)$" at "*)$" in D:\env\nginx-1.7.9/conf/conf.d/personal/notes.conf:12
2017/04/21 14:47:26 [emerg] 5216#6552: pcre_compile() failed: nothing to repeat in "^(*)$" at "*)$" in D:\env\nginx-1.7.9/conf/conf.d/personal/notes.conf:12
2017/04/21 14:47:26 [emerg] 6304#7836: pcre_compile() failed: nothing to repeat in "^(*)$" at "*)$" in D:\env\nginx-1.7.9/conf/conf.d/personal/notes.conf:12
2017/04/21 14:47:27 [emerg] 7292#8140: pcre_compile() failed: nothing to repeat in "^(*)$" at "*)$" in D:\env\nginx-1.7.9/conf/conf.d/personal/notes.conf:12
2017/04/21 14:47:27 [emerg] 6632#4304: pcre_compile() failed: nothing to repeat in "^(*)$" at "*)$" in D:\env\nginx-1.7.9/conf/conf.d/personal/notes.conf:12
2017/04/21 14:50:31 [emerg] 7376#4896: pcre_compile() failed: nothing to repeat in "^(*)$" at "*)$" in D:\env\nginx-1.7.9/conf/conf.d/personal/notes.conf:12
2017/04/21 14:50:33 [emerg] 8140#7292: pcre_compile() failed: nothing to repeat in "^(*)$" at "*)$" in D:\env\nginx-1.7.9/conf/conf.d/personal/notes.conf:12
2017/04/21 14:50:34 [emerg] 4272#2852: pcre_compile() failed: nothing to repeat in "^(*)$" at "*)$" in D:\env\nginx-1.7.9/conf/conf.d/personal/notes.conf:12
2017/04/21 14:50:35 [emerg] 7424#7740: pcre_compile() failed: nothing to repeat in "^(*)$" at "*)$" in D:\env\nginx-1.7.9/conf/conf.d/personal/notes.conf:12
2017/04/21 14:50:35 [emerg] 6616#2376: pcre_compile() failed: nothing to repeat in "^(*)$" at "*)$" in D:\env\nginx-1.7.9/conf/conf.d/personal/notes.conf:12
2017/04/21 14:50:36 [emerg] 264#7380: pcre_compile() failed: nothing to repeat in "^(*)$" at "*)$" in D:\env\nginx-1.7.9/conf/conf.d/personal/notes.conf:12
2017/04/21 14:50:37 [emerg] 3176#7868: pcre_compile() failed: nothing to repeat in "^(*)$" at "*)$" in D:\env\nginx-1.7.9/conf/conf.d/personal/notes.conf:12
2017/04/21 14:50:38 [emerg] 7592#7488: pcre_compile() failed: nothing to repeat in "^(*)$" at "*)$" in D:\env\nginx-1.7.9/conf/conf.d/personal/notes.conf:12
2017/04/21 14:50:38 [emerg] 7272#6276: pcre_compile() failed: nothing to repeat in "^(*)$" at "*)$" in D:\env\nginx-1.7.9/conf/conf.d/personal/notes.conf:12
2017/04/21 14:51:00 [emerg] 7808#7496: pcre_compile() failed: nothing to repeat in "^(*)$" at "*)$" in D:\env\nginx-1.7.9/conf/conf.d/personal/notes.conf:12
2017/04/21 14:51:00 [emerg] 7424#7300: pcre_compile() failed: nothing to repeat in "^(*)$" at "*)$" in D:\env\nginx-1.7.9/conf/conf.d/personal/notes.conf:12
2017/04/21 14:51:47 [notice] 1780#568: signal process started
2017/04/21 14:51:47 [error] 1780#568: OpenEvent("Global\ngx_stop_4852") failed (2: The system cannot find the file specified)
2017/04/21 14:53:06 [emerg] 4068#1264: pcre_compile() failed: nothing to repeat in "^(*)$" at "*)$" in D:\env\nginx-1.7.9/conf/conf.d/personal/notes.conf:12
2017/04/21 14:53:06 [emerg] 8012#7196: pcre_compile() failed: nothing to repeat in "^(*)$" at "*)$" in D:\env\nginx-1.7.9/conf/conf.d/personal/notes.conf:12
2017/04/21 14:54:03 [emerg] 7444#7200: pcre_compile() failed: nothing to repeat in "^(*)$" at "*)$" in D:\env\nginx-1.7.9/conf/conf.d/personal/notes.conf:12
2017/04/21 14:54:03 [emerg] 4056#6220: pcre_compile() failed: nothing to repeat in "^(*)$" at "*)$" in D:\env\nginx-1.7.9/conf/conf.d/personal/notes.conf:12
2017/04/21 14:54:45 [notice] 4020#7456: signal process started
2017/04/21 14:54:45 [error] 4020#7456: OpenEvent("Global\ngx_stop_7976") failed (2: The system cannot find the file specified)
2017/04/21 14:56:11 [notice] 7208#4240: signal process started
2017/04/21 14:58:26 [notice] 7828#6632: signal process started
2017/04/21 14:59:11 [notice] 7264#7784: signal process started
2017/04/21 14:59:24 [notice] 156#6204: signal process started
2017/04/21 15:00:21 [notice] 7556#7248: signal process started
2017/04/21 15:01:23 [notice] 4916#8072: signal process started
2017/04/21 15:04:06 [notice] 7344#1068: signal process started
2017/04/21 15:04:34 [notice] 2508#2648: signal process started
2017/04/21 15:05:02 [notice] 7100#7244: signal process started
2017/04/21 15:05:13 [notice] 1068#460: signal process started
2017/04/21 15:05:35 [notice] 2852#8016: signal process started
2017/04/21 15:05:59 [notice] 8128#1924: signal process started
2017/04/21 15:06:10 [notice] 4440#2640: signal process started
2017/04/21 15:06:18 [notice] 7304#4128: signal process started
2017/04/21 15:06:42 [notice] 2704#7120: signal process started
2017/04/21 15:06:52 [notice] 752#6632: signal process started
2017/04/21 15:07:09 [notice] 4648#5412: signal process started
2017/04/21 15:07:54 [notice] 7540#8116: signal process started
2017/04/21 17:08:46 [notice] 5608#7596: signal process started
2017/04/25 09:18:24 [notice] 4992#3108: signal process started
2017/04/25 09:18:24 [error] 4992#3108: OpenEvent("Global\ngx_stop_8188") failed (2: The system cannot find the file specified)
2017/04/26 09:20:53 [notice] 5856#5860: signal process started
2017/04/26 09:20:53 [error] 5856#5860: OpenEvent("Global\ngx_stop_5284") failed (2: The system cannot find the file specified)
2017/04/26 11:08:02 [notice] 2752#6776: signal process started
2017/04/27 09:22:04 [notice] 5180#5184: signal process started
2017/04/27 09:22:04 [error] 5180#5184: OpenEvent("Global\ngx_stop_2560") failed (2: The system cannot find the file specified)
2017/04/27 14:44:39 [notice] 4136#2132: signal process started
2017/04/27 14:44:39 [error] 4136#2132: OpenEvent("Global\ngx_stop_5388") failed (2: The system cannot find the file specified)
2017/04/27 14:48:42 [notice] 6688#5116: signal process started
2017/04/27 15:00:04 [notice] 4716#7160: signal process started
2017/04/28 09:27:01 [notice] 5164#5168: signal process started
2017/04/28 09:27:01 [error] 5164#5168: OpenEvent("Global\ngx_stop_7000") failed (2: The system cannot find the file specified)
2017/05/02 09:15:04 [notice] 4608#4512: signal process started
2017/05/02 09:15:04 [error] 4608#4512: OpenEvent("Global\ngx_stop_5892") failed (2: The system cannot find the file specified)
2017/05/02 17:02:20 [notice] 7416#6768: signal process started
2017/05/03 09:28:52 [notice] 4172#4824: signal process started
2017/05/03 09:28:52 [error] 4172#4824: OpenEvent("Global\ngx_stop_7676") failed (2: The system cannot find the file specified)
2017/05/03 10:39:16 [notice] 6696#5264: signal process started
2017/05/03 10:41:54 [notice] 3648#6796: signal process started
2017/05/03 16:27:47 [notice] 7728#7076: signal process started
2017/05/04 09:33:11 [notice] 4460#4356: signal process started
2017/05/04 09:33:11 [error] 4460#4356: OpenEvent("Global\ngx_stop_156") failed (2: The system cannot find the file specified)
2017/05/04 09:33:38 [notice] 6032#6036: signal process started
2017/05/04 11:43:39 [notice] 3300#4900: signal process started
2017/05/05 09:23:47 [notice] 4544#4644: signal process started
2017/05/05 09:23:47 [error] 4544#4644: OpenEvent("Global\ngx_stop_8112") failed (2: The system cannot find the file specified)
2017/05/08 09:19:04 [notice] 6112#5720: signal process started
2017/05/08 09:19:04 [error] 6112#5720: OpenEvent("Global\ngx_stop_4996") failed (2: The system cannot find the file specified)
2017/05/08 09:19:48 [notice] 3428#4844: signal process started
2017/05/08 18:12:40 [notice] 7924#6796: signal process started
2017/05/08 18:16:32 [notice] 7116#7208: signal process started
2017/05/09 09:19:26 [notice] 5528#5532: signal process started
2017/05/09 09:19:26 [error] 5528#5532: OpenEvent("Global\ngx_stop_1408") failed (2: The system cannot find the file specified)
2017/05/09 15:33:40 [notice] 7084#6552: signal process started
2017/05/10 09:34:04 [notice] 4320#4360: signal process started
2017/05/10 09:34:04 [error] 4320#4360: OpenEvent("Global\ngx_stop_6960") failed (2: The system cannot find the file specified)
2017/05/10 14:37:41 [notice] 1884#2416: signal process started
2017/05/10 14:37:41 [error] 1884#2416: OpenEvent("Global\ngx_stop_3364") failed (2: The system cannot find the file specified)
2017/05/11 09:33:48 [notice] 7568#5736: signal process started
2017/05/11 09:33:48 [error] 7568#5736: OpenEvent("Global\ngx_stop_4020") failed (2: The system cannot find the file specified)
2017/05/11 15:44:42 [notice] 7548#6600: signal process started
2017/05/11 16:42:23 [notice] 4676#4756: signal process started
2017/05/11 16:42:24 [notice] 8124#7048: signal process started
2017/05/11 16:42:24 [notice] 6548#7656: signal process started
2017/05/12 09:35:03 [notice] 872#2644: signal process started
2017/05/12 09:35:03 [error] 872#2644: OpenEvent("Global\ngx_stop_6092") failed (2: The system cannot find the file specified)
2017/05/12 15:39:02 [notice] 1044#1020: signal process started
2017/05/12 15:39:02 [error] 1044#1020: OpenEvent("Global\ngx_stop_1616") failed (2: The system cannot find the file specified)
2017/05/15 09:36:51 [notice] 9196#9200: signal process started
2017/05/15 09:36:51 [error] 9196#9200: OpenEvent("Global\ngx_stop_1104") failed (2: The system cannot find the file specified)
2017/05/15 11:14:10 [notice] 6336#8824: signal process started
2017/05/15 11:49:06 [notice] 3328#7044: signal process started
2017/05/15 11:49:33 [notice] 3824#7192: signal process started
2017/05/16 09:21:12 [notice] 5168#5172: signal process started
2017/05/16 09:21:12 [error] 5168#5172: OpenEvent("Global\ngx_stop_4416") failed (2: The system cannot find the file specified)
2017/05/16 11:25:39 [notice] 1320#2792: signal process started
2017/05/16 11:28:12 [notice] 3104#6028: signal process started
2017/05/16 15:51:36 [notice] 5208#5296: signal process started
2017/05/16 16:48:58 [notice] 4296#2128: signal process started
2017/05/16 16:53:17 [notice] 6452#4760: signal process started
2017/05/17 09:14:10 [notice] 1792#2496: signal process started
2017/05/17 09:14:10 [error] 1792#2496: OpenEvent("Global\ngx_stop_1168") failed (2: The system cannot find the file specified)
2017/05/17 15:41:08 [notice] 6620#5016: signal process started
2017/05/17 15:41:08 [notice] 5916#6396: signal process started
2017/05/17 15:41:09 [notice] 6524#6448: signal process started
2017/05/17 15:41:09 [error] 6524#6448: OpenEvent("Global\ngx_stop_3640") failed (2: The system cannot find the file specified)
2017/05/17 15:41:10 [notice] 568#6784: signal process started
2017/05/17 15:41:10 [error] 568#6784: OpenEvent("Global\ngx_stop_3640") failed (2: The system cannot find the file specified)
2017/05/18 09:43:24 [notice] 4836#3332: signal process started
2017/05/18 09:43:24 [error] 4836#3332: OpenEvent("Global\ngx_stop_6848") failed (2: The system cannot find the file specified)
2017/05/19 09:23:08 [notice] 6252#6256: signal process started
2017/05/19 09:23:08 [error] 6252#6256: OpenEvent("Global\ngx_stop_3280") failed (2: The system cannot find the file specified)
2017/05/19 17:06:28 [notice] 7376#7396: signal process started
2017/05/22 09:25:07 [notice] 6996#7000: signal process started
2017/05/22 09:25:07 [error] 6996#7000: OpenEvent("Global\ngx_stop_4464") failed (2: The system cannot find the file specified)
2017/05/22 16:09:46 [notice] 6820#2724: signal process started
2017/05/23 09:28:37 [notice] 5392#5396: signal process started
2017/05/23 09:28:37 [error] 5392#5396: OpenEvent("Global\ngx_stop_7312") failed (2: The system cannot find the file specified)
2017/05/23 14:20:43 [notice] 3220#7732: signal process started
2017/05/23 18:14:49 [notice] 7380#7428: signal process started
2017/05/24 09:27:05 [notice] 1764#1780: signal process started
2017/05/24 09:27:05 [error] 1764#1780: OpenEvent("Global\ngx_stop_6536") failed (2: The system cannot find the file specified)
